<?xml version="1.0" encoding="UTF-8"?>
<testng-results ignored="0" total="1" passed="1" failed="0" skipped="0">
  <reporter-output>
  </reporter-output>
  <suite started-at="2021-09-20T22:52:11 CDT" name="Default suite" finished-at="2021-09-20T22:52:15 CDT" duration-ms="3779">
    <groups>
    </groups>
    <test started-at="2021-09-20T22:52:11 CDT" name="Default test" finished-at="2021-09-20T22:52:15 CDT" duration-ms="3779">
      <class name="ToolTip._ToolTip.PrintTooltipText">
        <test-method is-config="true" signature="init()[pri:0, instance:ToolTip._ToolTip.PrintTooltipText@2667f029]" started-at="2021-09-20T22:52:11 CDT" name="init" finished-at="2021-09-20T22:52:14 CDT" duration-ms="3212" status="PASS">
          <reporter-output>
          </reporter-output>
        </test-method> <!-- init -->
        <test-method signature="checktooltipPrinted()[pri:0, instance:ToolTip._ToolTip.PrintTooltipText@2667f029]" started-at="2021-09-20T22:52:14 CDT" name="checktooltipPrinted" finished-at="2021-09-20T22:52:15 CDT" duration-ms="521" status="PASS">
          <reporter-output>
          </reporter-output>
        </test-method> <!-- checktooltipPrinted -->
      </class> <!-- ToolTip._ToolTip.PrintTooltipText -->
    </test> <!-- Default test -->
  </suite> <!-- Default suite -->
</testng-results>
